<?xml version="1.0" encoding="UTF-8"?>
<!-- Generated by org.testng.reporters.JUnitXMLReporter -->
<testsuite ignored="0" hostname="JyothiRdy-win10pro" failures="0" tests="1" name="Test-Runner=1" time="33.871" errors="0" timestamp="2023-12-21T18:09:25 IST">
  <testcase classname="contactTest.CreateContactTest" name="CreateContactWithMandatoryFields" time="18.238"/>
</testsuite> <!-- Test-Runner=1 -->
