<?xml version="1.0" encoding="UTF-8"?>
<!-- Generated by org.testng.reporters.JUnitXMLReporter -->
<testsuite ignored="0" hostname="JyothiRdy-win10pro" failures="1" tests="1" name="Test-Runner-2" time="23.158" errors="0" timestamp="2023-12-21T18:09:14 IST">
  <testcase classname="contactTest.CreateContactWithLeadSourceTest" name="CreateContactWithMandatoryFields" time="2.068">
    <failure type="java.lang.NullPointerException" message="Cannot invoke &amp;quot;org.apache.poi.ss.usermodel.Row.getCell(int)&amp;quot; because the return value of &amp;quot;org.apache.poi.ss.usermodel.Sheet.getRow(int)&amp;quot; is null">
      <![CDATA[java.lang.NullPointerException: Cannot invoke "org.apache.poi.ss.usermodel.Row.getCell(int)" because the return value of "org.apache.poi.ss.usermodel.Sheet.getRow(int)" is null
at genericUtilities.ExcelFileUtility.ReadDataFromExcel(ExcelFileUtility.java:30)
at contactTest.CreateContactWithLeadSourceTest.CreateContactWithMandatoryFields(CreateContactWithLeadSourceTest.java:20)
at java.base/java.util.ArrayList.forEach(ArrayList.java:1511)
at java.base/java.util.concurrent.FutureTask.run(FutureTask.java:264)
at java.base/java.util.concurrent.ThreadPoolExecutor.runWorker(ThreadPoolExecutor.java:1136)
at java.base/java.util.concurrent.ThreadPoolExecutor$Worker.run(ThreadPoolExecutor.java:635)
at java.base/java.lang.Thread.run(Thread.java:833)
... Removed 17 stack frames]]>
    </failure>
  </testcase> <!-- CreateContactWithMandatoryFields -->
</testsuite> <!-- Test-Runner-2 -->
