<?xml version="1.0" encoding="UTF-8"?>
<!-- Generated by org.testng.reporters.JUnitReportReporter -->
<testsuite hostname="JyothiRdy-win10pro" failures="0" tests="1" name="practice555.TestNgPractice" time="0.004" errors="0" timestamp="2023-12-27T18:07:15 IST" skipped="0">
  <testcase classname="practice555.TestNgPractice" name="sample" time="0.004"/>
  <system-out/>
</testsuite> <!-- practice555.TestNgPractice -->
