<?xml version="1.0" encoding="UTF-8"?>
<!-- Generated by org.testng.reporters.JUnitReportReporter -->
<testsuite hostname="JyothiRdy-win10pro" failures="0" tests="1" name="contactTest.CreateContactWithLeadSourceTest" time="15.361" errors="0" timestamp="2023-12-27T18:19:19 IST" skipped="0">
  <testcase classname="contactTest.CreateContactWithLeadSourceTest" name="CreateContactWithMandatoryFieldsL" time="15.361"/>
  <system-out/>
</testsuite> <!-- contactTest.CreateContactWithLeadSourceTest -->
