<?xml version="1.0" encoding="UTF-8"?>
<!-- Generated by org.testng.reporters.JUnitReportReporter -->
<testsuite hostname="JyothiRdy-win10pro" failures="0" tests="1" name="contactTest.CreateContact" time="24.071" errors="0" timestamp="2023-12-14T18:40:47 IST" skipped="0">
  <testcase classname="contactTest.CreateContact" name="testCreateContact" time="24.071"/>
  <system-out/>
</testsuite> <!-- contactTest.CreateContact -->
